2023-04-02 11:26:00.070 +0530 [debug] ([34mconfigs.js[0m) [31mloaded default configs as "{"updates":{"manifest_url":"https://cdn.freshdev.io/assets/fdk/updates.json","period":24},"log":{"level":"info"},"javascript":{"ecma_version":2020},"request":{"timeout":5000}}"[0m
2023-04-02 11:26:00.072 +0530 [debug] ([34mfile.js[0m) [31mError while requiring C:\Users\aravi/.fdk/configs.json: Cannot find module 'C:\Users\aravi/.fdk/configs.json'
Require stack:
- C:\Users\aravi\AppData\Roaming\nvm\v18.15.0\node_modules\fdk\lib\utils\file.js
- C:\Users\aravi\AppData\Roaming\nvm\v18.15.0\node_modules\fdk\lib\configs.js
- C:\Users\aravi\AppData\Roaming\nvm\v18.15.0\node_modules\fdk\lib\logger.js
- C:\Users\aravi\AppData\Roaming\nvm\v18.15.0\node_modules\fdk\index.js[0m
2023-04-02 11:26:00.072 +0530 [debug] ([34mconfigs.js[0m) [31mloaded global configs as "{}"[0m
2023-04-02 11:26:00.072 +0530 [debug] ([34mfile.js[0m) [31mError while requiring F:\Freshworks/.fdk/configs.json: Cannot find module 'F:\Freshworks/.fdk/configs.json'
Require stack:
- C:\Users\aravi\AppData\Roaming\nvm\v18.15.0\node_modules\fdk\lib\utils\file.js
- C:\Users\aravi\AppData\Roaming\nvm\v18.15.0\node_modules\fdk\lib\configs.js
- C:\Users\aravi\AppData\Roaming\nvm\v18.15.0\node_modules\fdk\lib\logger.js
- C:\Users\aravi\AppData\Roaming\nvm\v18.15.0\node_modules\fdk\index.js[0m
2023-04-02 11:26:00.072 +0530 [debug] ([34mconfigs.js[0m) [31mloaded local configs as "{}"[0m
2023-04-02 11:26:00.073 +0530 [debug] ([34mconfigs.js[0m) [31mloaded env configs as "{"updates":{},"log":{},"javascript":{},"request":{"timeout":5000}}"[0m
2023-04-02 11:26:00.073 +0530 [debug] ([34mconfigs.js[0m) [31mloaded resolved configs as "{"updates":{"manifest_url":"https://cdn.freshdev.io/assets/fdk/updates.json","period":24},"log":{"level":"info"},"javascript":{"ecma_version":2020},"request":{"timeout":5000}}"[0m
2023-04-02 11:26:00.073 +0530 [debug] ([34mlogger.js[0m) [31mStarting FDK in node v18.15.0 on win32[0m
2023-04-02 11:26:00.073 +0530 [debug] ([34msequelize.js[0m) [31msetting up sqilite at "F:\Freshworks/.fdk/store.sqlite"[0m
2023-04-02 11:26:00.073 +0530 [debug] ([34mdata.js[0m) [31mRead {"version_details":{"cli":{"deprecated":{"version":"<9","message":"This FDK version will be deprecated by July 31, 2023 There will be no further feature updates to this version. For a seamless app building experience, ensure to move to the latest FDK version. For more information, see https://developers.freshdesk.com/v2/docs/migration-overview/#latest_platform_version_migration."},"forced":{"version":"7.0.0","command":"npm install https://dl.freshdev.io/cli/fdk-7.0.0.tgz -g","message":"Your FDK version has been forced updated to v7.0.0, please visit https://community.developers.freshworks.com/t/fdk-v7-0-announcing-node-js-v12-and-es6-support/3606 to know more"},"latest":{"version":"9.0.0","command":"npm install https://cdn.freshdev.io/fdk/latest.tgz -g","message":"You are on the latest FDK version. For information on the features available as part of this FDK version, see https://developers.freshdesk.com/v2/docs/what's-new/ ."}},"addon":{"version":"1.13.0","url":"https://cdn.freshdev.io/assets/fdk/addons/addon.zip"}},"last_updated":{"time_stamp":1680414285983}}[0m
2023-04-02 11:26:00.073 +0530 [debug] ([34mupdater.js[0m) [31mlast check less than 24 hours ago, not looking for updates[0m
2023-04-02 11:26:00.078 +0530 [debug] ([34mindex.js[0m) [31mrunning with opts {}[0m
2023-04-02 11:26:00.104 +0530 [debug] ([34mdata.js[0m) [31mRead {"version_details":{"cli":{"deprecated":{"version":"<9","message":"This FDK version will be deprecated by July 31, 2023 There will be no further feature updates to this version. For a seamless app building experience, ensure to move to the latest FDK version. For more information, see https://developers.freshdesk.com/v2/docs/migration-overview/#latest_platform_version_migration."},"forced":{"version":"7.0.0","command":"npm install https://dl.freshdev.io/cli/fdk-7.0.0.tgz -g","message":"Your FDK version has been forced updated to v7.0.0, please visit https://community.developers.freshworks.com/t/fdk-v7-0-announcing-node-js-v12-and-es6-support/3606 to know more"},"latest":{"version":"9.0.0","command":"npm install https://cdn.freshdev.io/fdk/latest.tgz -g","message":"You are on the latest FDK version. For information on the features available as part of this FDK version, see https://developers.freshdesk.com/v2/docs/what's-new/ ."}},"addon":{"version":"1.13.0","url":"https://cdn.freshdev.io/assets/fdk/addons/addon.zip"}},"last_updated":{"time_stamp":1680414285983}}[0m
2023-04-02 11:26:00.111 +0530 [debug] ([34mcreate.js[0m) [31m'init' called with F:\Freshworks, undefined, undefined[0m
2023-04-02 11:26:10.603 +0530 [debug] ([34mcreate.js[0m) [31mInitializing template "your_first_app" with product "freshsales".[0m
2023-04-02 11:26:10.639 +0530 [info] A new Freshsales app was successfully created from template "your_first_app" with the following files.

2023-04-02 11:26:42.234 +0530 [debug] ([34mconfigs.js[0m) [31mloaded default configs as "{"updates":{"manifest_url":"https://cdn.freshdev.io/assets/fdk/updates.json","period":24},"log":{"level":"info"},"javascript":{"ecma_version":2020},"request":{"timeout":5000}}"[0m
2023-04-02 11:26:42.236 +0530 [debug] ([34mfile.js[0m) [31mError while requiring C:\Users\aravi/.fdk/configs.json: Cannot find module 'C:\Users\aravi/.fdk/configs.json'
Require stack:
- C:\Users\aravi\AppData\Roaming\nvm\v18.15.0\node_modules\fdk\lib\utils\file.js
- C:\Users\aravi\AppData\Roaming\nvm\v18.15.0\node_modules\fdk\lib\configs.js
- C:\Users\aravi\AppData\Roaming\nvm\v18.15.0\node_modules\fdk\lib\logger.js
- C:\Users\aravi\AppData\Roaming\nvm\v18.15.0\node_modules\fdk\index.js[0m
2023-04-02 11:26:42.236 +0530 [debug] ([34mconfigs.js[0m) [31mloaded global configs as "{}"[0m
2023-04-02 11:26:42.236 +0530 [debug] ([34mfile.js[0m) [31mError while requiring F:\Freshworks/.fdk/configs.json: Cannot find module 'F:\Freshworks/.fdk/configs.json'
Require stack:
- C:\Users\aravi\AppData\Roaming\nvm\v18.15.0\node_modules\fdk\lib\utils\file.js
- C:\Users\aravi\AppData\Roaming\nvm\v18.15.0\node_modules\fdk\lib\configs.js
- C:\Users\aravi\AppData\Roaming\nvm\v18.15.0\node_modules\fdk\lib\logger.js
- C:\Users\aravi\AppData\Roaming\nvm\v18.15.0\node_modules\fdk\index.js[0m
2023-04-02 11:26:42.237 +0530 [debug] ([34mconfigs.js[0m) [31mloaded local configs as "{}"[0m
2023-04-02 11:26:42.237 +0530 [debug] ([34mconfigs.js[0m) [31mloaded env configs as "{"updates":{},"log":{},"javascript":{},"request":{"timeout":5000}}"[0m
2023-04-02 11:26:42.237 +0530 [debug] ([34mconfigs.js[0m) [31mloaded resolved configs as "{"updates":{"manifest_url":"https://cdn.freshdev.io/assets/fdk/updates.json","period":24},"log":{"level":"info"},"javascript":{"ecma_version":2020},"request":{"timeout":5000}}"[0m
2023-04-02 11:26:42.237 +0530 [debug] ([34mlogger.js[0m) [31mStarting FDK in node v18.15.0 on win32[0m
2023-04-02 11:26:42.237 +0530 [debug] ([34msequelize.js[0m) [31msetting up sqilite at "F:\Freshworks/.fdk/store.sqlite"[0m
2023-04-02 11:26:42.237 +0530 [debug] ([34mdata.js[0m) [31mRead {"version_details":{"cli":{"deprecated":{"version":"<9","message":"This FDK version will be deprecated by July 31, 2023 There will be no further feature updates to this version. For a seamless app building experience, ensure to move to the latest FDK version. For more information, see https://developers.freshdesk.com/v2/docs/migration-overview/#latest_platform_version_migration."},"forced":{"version":"7.0.0","command":"npm install https://dl.freshdev.io/cli/fdk-7.0.0.tgz -g","message":"Your FDK version has been forced updated to v7.0.0, please visit https://community.developers.freshworks.com/t/fdk-v7-0-announcing-node-js-v12-and-es6-support/3606 to know more"},"latest":{"version":"9.0.0","command":"npm install https://cdn.freshdev.io/fdk/latest.tgz -g","message":"You are on the latest FDK version. For information on the features available as part of this FDK version, see https://developers.freshdesk.com/v2/docs/what's-new/ ."}},"addon":{"version":"1.13.0","url":"https://cdn.freshdev.io/assets/fdk/addons/addon.zip"}},"last_updated":{"time_stamp":1680414285983}}[0m
2023-04-02 11:26:42.237 +0530 [debug] ([34mupdater.js[0m) [31mlast check less than 24 hours ago, not looking for updates[0m
2023-04-02 11:26:42.240 +0530 [debug] ([34mindex.js[0m) [31mrunning with opts {}[0m
2023-04-02 11:26:42.443 +0530 [debug] ([34mmanifest.js[0m) [31mReloading manifest with {"platform-version":"2.3","product":{"freshsales":{"location":{"left_nav_cti":{"url":"template.html","icon":"icon.svg"},"lead_entity_menu":{"url":"template.html","icon":"icon.svg"},"deal_entity_menu":{"url":"template.html","icon":"icon.svg"},"contact_entity_menu":{"url":"template.html","icon":"icon.svg"},"sales_account_entity_menu":{"url":"template.html","icon":"icon.svg"}}}},"engines":{"node":"18.15.0","fdk":"9.0.0"}}.[0m
2023-04-02 11:26:42.443 +0530 [debug] ([34mmanifest.js[0m) [31mInferred db as features.[0m
2023-04-02 11:26:42.446 +0530 [debug] ([34mdata.js[0m) [31mRead {"version_details":{"cli":{"deprecated":{"version":"<9","message":"This FDK version will be deprecated by July 31, 2023 There will be no further feature updates to this version. For a seamless app building experience, ensure to move to the latest FDK version. For more information, see https://developers.freshdesk.com/v2/docs/migration-overview/#latest_platform_version_migration."},"forced":{"version":"7.0.0","command":"npm install https://dl.freshdev.io/cli/fdk-7.0.0.tgz -g","message":"Your FDK version has been forced updated to v7.0.0, please visit https://community.developers.freshworks.com/t/fdk-v7-0-announcing-node-js-v12-and-es6-support/3606 to know more"},"latest":{"version":"9.0.0","command":"npm install https://cdn.freshdev.io/fdk/latest.tgz -g","message":"You are on the latest FDK version. For information on the features available as part of this FDK version, see https://developers.freshdesk.com/v2/docs/what's-new/ ."}},"addon":{"version":"1.13.0","url":"https://cdn.freshdev.io/assets/fdk/addons/addon.zip"}},"last_updated":{"time_stamp":1680414285983}}[0m
2023-04-02 11:26:42.458 +0530 [debug] ([34mdata.js[0m) [31mRead {"version_details":{"cli":{"deprecated":{"version":"<9","message":"This FDK version will be deprecated by July 31, 2023 There will be no further feature updates to this version. For a seamless app building experience, ensure to move to the latest FDK version. For more information, see https://developers.freshdesk.com/v2/docs/migration-overview/#latest_platform_version_migration."},"forced":{"version":"7.0.0","command":"npm install https://dl.freshdev.io/cli/fdk-7.0.0.tgz -g","message":"Your FDK version has been forced updated to v7.0.0, please visit https://community.developers.freshworks.com/t/fdk-v7-0-announcing-node-js-v12-and-es6-support/3606 to know more"},"latest":{"version":"9.0.0","command":"npm install https://cdn.freshdev.io/fdk/latest.tgz -g","message":"You are on the latest FDK version. For information on the features available as part of this FDK version, see https://developers.freshdesk.com/v2/docs/what's-new/ ."}},"addon":{"version":"1.13.0","url":"https://cdn.freshdev.io/assets/fdk/addons/addon.zip"}},"last_updated":{"time_stamp":1680414285983}}[0m
2023-04-02 11:26:42.649 +0530 [debug] ([34mfile.js[0m) [31mError while requiring F:\Freshworks/.report.json: Cannot find module 'F:\Freshworks/.report.json'
Require stack:
- C:\Users\aravi\AppData\Roaming\nvm\v18.15.0\node_modules\fdk\lib\utils\file.js
- C:\Users\aravi\AppData\Roaming\nvm\v18.15.0\node_modules\fdk\lib\configs.js
- C:\Users\aravi\AppData\Roaming\nvm\v18.15.0\node_modules\fdk\lib\logger.js
- C:\Users\aravi\AppData\Roaming\nvm\v18.15.0\node_modules\fdk\index.js[0m
2023-04-02 11:26:43.412 +0530 [debug] ([34mdata.js[0m) [31mRead {"version_details":{"cli":{"deprecated":{"version":"<9","message":"This FDK version will be deprecated by July 31, 2023 There will be no further feature updates to this version. For a seamless app building experience, ensure to move to the latest FDK version. For more information, see https://developers.freshdesk.com/v2/docs/migration-overview/#latest_platform_version_migration."},"forced":{"version":"7.0.0","command":"npm install https://dl.freshdev.io/cli/fdk-7.0.0.tgz -g","message":"Your FDK version has been forced updated to v7.0.0, please visit https://community.developers.freshworks.com/t/fdk-v7-0-announcing-node-js-v12-and-es6-support/3606 to know more"},"latest":{"version":"9.0.0","command":"npm install https://cdn.freshdev.io/fdk/latest.tgz -g","message":"You are on the latest FDK version. For information on the features available as part of this FDK version, see https://developers.freshdesk.com/v2/docs/what's-new/ ."}},"addon":{"version":"1.13.0","url":"https://cdn.freshdev.io/assets/fdk/addons/addon.zip"}},"last_updated":{"time_stamp":1680414285983}}[0m
2023-04-02 11:26:44.549 +0530 [debug] ([34mvalidate.js[0m) [31masked to skip the following validations, [0m
2023-04-02 11:26:44.550 +0530 [debug] ([34mvalidate.js[0m) [31mrunning validator actions[0m
2023-04-02 11:26:44.550 +0530 [debug] ([34mvalidate.js[0m) [31mrunning validator requests[0m
2023-04-02 11:26:44.550 +0530 [debug] ([34mvalidate.js[0m) [31mrunning validator app-dir[0m
2023-04-02 11:26:44.551 +0530 [debug] ([34mvalidate.js[0m) [31mrunning validator config-dir[0m
2023-04-02 11:26:44.551 +0530 [debug] ([34mconfig-dir.js[0m) [31mChecking to see if F:\Freshworks/config/ exists.[0m
2023-04-02 11:26:44.552 +0530 [debug] ([34mconfig-dir.js[0m) [31mFetched the following config files iparams.json,iparam_test_data.json[0m
2023-04-02 11:26:44.552 +0530 [debug] ([34mvalidate.js[0m) [31mrunning validator custom-objects[0m
2023-04-02 11:26:44.552 +0530 [debug] ([34mvalidate.js[0m) [31mrunning validator event[0m
2023-04-02 11:26:44.552 +0530 [debug] ([34mvalidate.js[0m) [31mrunning validator iparam[0m
2023-04-02 11:26:44.555 +0530 [debug] ([34mvalidate.js[0m) [31mrunning validator lint[0m
2023-04-02 11:26:44.555 +0530 [debug] ([34mlint.js[0m) [31mpassed fix flag: undefined[0m
2023-04-02 11:26:44.556 +0530 [debug] ([34mlint.js[0m) [31mRunning the following lints on the file app\app.js : no-caller,no-process-env,complexity,max-nested-callbacks,handle-callback-err,no-eval,no-alert,no-debugger,no-unreachable,no-unhandled-promise,no-logging-rejections,no-non-client-request-model,no-deprecated-apis,no-proxy-requests,no-cross-scope-assign,no-empty-function,no-unused-vars[0m
2023-04-02 11:26:44.602 +0530 [debug] ([34mvalidate.js[0m) [31mrunning validator manifest[0m
2023-04-02 11:26:44.602 +0530 [debug] ([34mvalidate.js[0m) [31mskipping validator manifest-dependency[0m
2023-04-02 11:26:44.602 +0530 [debug] ([34mvalidate.js[0m) [31mrunning validator oauth[0m
2023-04-02 11:26:44.603 +0530 [debug] ([34mvalidate.js[0m) [31mskipping validator pkgsize[0m
2023-04-02 11:26:44.603 +0530 [debug] ([34mvalidate.js[0m) [31mrunning validator schema[0m
2023-04-02 11:26:44.603 +0530 [debug] ([34mvalidate.js[0m) [31mrunning validator version-check[0m
2023-04-02 11:26:44.609 +0530 [warn] Please ensure that the following are addressed for quick review process:
2023-04-02 11:26:44.609 +0530 [warn] [33m‼[39m iparam_test_data.json is deprecated, to test the installation page, visit - http://localhost:10001/custom_configs
2023-04-02 11:26:44.609 +0530 [warn] [33m‼[39m app\app.js::3: Expected rejection to be handled.
2023-04-02 11:26:44.609 +0530 [warn] [33m‼[39m app\app.js::5: 'client' declared and assigned in different scopes. Possible asynchronous race condition.
2023-04-02 11:26:44.610 +0530 [error] 
2023-04-02 11:26:44.612 +0530 [debug] ([34mwatcher.js[0m) [31mPreparing to watch the following files ./app,./config,./manifest.json[0m
2023-04-02 11:26:44.617 +0530 [debug] ([34mdata.js[0m) [31mRead {}[0m
2023-04-02 11:26:44.617 +0530 [debug] ([34mcustom-objects.js[0m) [31mto force or not? undefined[0m
2023-04-02 11:26:44.617 +0530 [debug] ([34mcustom-objects.js[0m) [31mbeginning to re-sync db[0m
2023-04-02 11:26:44.766 +0530 [debug] ([34mindex.js[0m) [31mloading model at "C:\Users\aravi\AppData\Roaming\nvm\v18.15.0\node_modules\fdk\lib\models\bigint-pivot.js"[0m
2023-04-02 11:26:44.768 +0530 [debug] ([34mindex.js[0m) [31mloading model at "C:\Users\aravi\AppData\Roaming\nvm\v18.15.0\node_modules\fdk\lib\models\entity-field-choice.js"[0m
2023-04-02 11:26:44.769 +0530 [debug] ([34mindex.js[0m) [31mloading model at "C:\Users\aravi\AppData\Roaming\nvm\v18.15.0\node_modules\fdk\lib\models\entity-field.js"[0m
2023-04-02 11:26:44.770 +0530 [debug] ([34mindex.js[0m) [31mloading model at "C:\Users\aravi\AppData\Roaming\nvm\v18.15.0\node_modules\fdk\lib\models\entity.js"[0m
2023-04-02 11:26:44.771 +0530 [debug] ([34mindex.js[0m) [31mloading model at "C:\Users\aravi\AppData\Roaming\nvm\v18.15.0\node_modules\fdk\lib\models\record.js"[0m
2023-04-02 11:26:44.772 +0530 [debug] ([34mindex.js[0m) [31mloading model at "C:\Users\aravi\AppData\Roaming\nvm\v18.15.0\node_modules\fdk\lib\models\string-pivot.js"[0m
2023-04-02 11:26:44.788 +0530 [debug] ([34mdata.js[0m) [31mRead {}[0m
2023-04-02 11:26:44.789 +0530 [debug] ([34mcustom-objects.js[0m) [31mupdated local store with latest entity hash[0m
2023-04-02 11:26:44.790 +0530 [info] Starting local testing server at http://*:10001/    
Append 'dev=true' to your Freshsales account URL to start testing    
e.g. https://domain.freshsales.io/contacts/2007663673?dev=true    
Quit the server with Control-C.
